<?xml version="1.0" encoding="UTF-8"?>
<robot generator="Robot 7.3.2 (Python 3.13.7 on win32)" generated="2025-09-29T17:54:05.392948" rpa="false" schemaversion="5">
<suite id="s1" name="Suites" source="C:\Users\debor\Documents\automacao\primeiroProjectPython\tests\suites">
<suite id="s1-s1" name="Login" source="C:\Users\debor\Documents\automacao\primeiroProjectPython\tests\suites\login.robot">
<test id="s1-s1-t1" name="Login válido" line="6">
<kw name="Given o usuário acessa a página de login" owner="keywords">
<kw name="Open Browser" owner="SeleniumLibrary">
<msg time="2025-09-29T17:54:05.726050" level="INFO">Opening browser 'chrome' to base url 'https://demo.opencart.com/'.</msg>
<arg>https://demo.opencart.com/</arg>
<arg>chrome</arg>
<doc>Opens a new browser instance to the optional ``url``.</doc>
<status status="PASS" start="2025-09-29T17:54:05.725888" elapsed="1.895967"/>
</kw>
<status status="PASS" start="2025-09-29T17:54:05.725582" elapsed="1.896468"/>
</kw>
<kw name="When informa usuário &quot;admin&quot; e senha &quot;1234&quot;" owner="keywords" source_name="When informa usuário &quot;${user}&quot; e senha &quot;${pwd}&quot;">
<kw name="Input Text" owner="SeleniumLibrary">
<msg time="2025-09-29T17:54:07.623330" level="INFO">Typing text 'admin' into text field 'id=username'.</msg>
<msg time="2025-09-29T17:54:07.778596" level="INFO" html="true">&lt;/td&gt;&lt;/tr&gt;&lt;tr&gt;&lt;td colspan="3"&gt;&lt;a href="selenium-screenshot-2.png"&gt;&lt;img src="selenium-screenshot-2.png" width="800px"&gt;&lt;/a&gt;</msg>
<msg time="2025-09-29T17:54:07.778815" level="FAIL">Element with locator 'id=username' not found.</msg>
<arg>id=username</arg>
<arg>${user}</arg>
<doc>Types the given ``text`` into the text field identified by ``locator``.</doc>
<status status="FAIL" start="2025-09-29T17:54:07.622895" elapsed="0.158353">Element with locator 'id=username' not found.</status>
</kw>
<kw name="Input Text" owner="SeleniumLibrary">
<arg>id=password</arg>
<arg>${pwd}</arg>
<doc>Types the given ``text`` into the text field identified by ``locator``.</doc>
<status status="NOT RUN" start="2025-09-29T17:54:07.781416" elapsed="0.000029"/>
</kw>
<kw name="Click Button" owner="SeleniumLibrary">
<arg>id=btnLogin</arg>
<doc>Clicks the button identified by ``locator``.</doc>
<status status="NOT RUN" start="2025-09-29T17:54:07.781520" elapsed="0.000019"/>
</kw>
<status status="FAIL" start="2025-09-29T17:54:07.622487" elapsed="0.159145">Element with locator 'id=username' not found.</status>
</kw>
<kw name="Then o sistema exibe a tela inicial" owner="keywords">
<status status="NOT RUN" start="2025-09-29T17:54:07.782159" elapsed="0.000051"/>
</kw>
<status status="FAIL" start="2025-09-29T17:54:05.724390" elapsed="2.058175">Element with locator 'id=username' not found.</status>
</test>
<status status="FAIL" start="2025-09-29T17:54:05.422979" elapsed="2.360650"/>
</suite>
<status status="FAIL" start="2025-09-29T17:54:05.394497" elapsed="2.390232"/>
</suite>
<statistics>
<total>
<stat pass="0" fail="1" skip="0">All Tests</stat>
</total>
<tag>
</tag>
<suite>
<stat name="Suites" id="s1" pass="0" fail="1" skip="0">Suites</stat>
<stat name="Login" id="s1-s1" pass="0" fail="1" skip="0">Suites.Login</stat>
</suite>
</statistics>
<errors>
</errors>
</robot>
